<?xml version="1.0" encoding="UTF-8"?>
<testng-results skipped="0" failed="0" total="1" passed="1">
  <reporter-output>
  </reporter-output>
  <suite name="Suite" duration-ms="33" started-at="2018-02-16T18:15:09Z" finished-at="2018-02-16T18:15:09Z">
    <groups>
    </groups>
    <test name="Test" duration-ms="33" started-at="2018-02-16T18:15:09Z" finished-at="2018-02-16T18:15:09Z">
      <class name="com.demo.sampleordertest.OrderTest">
        <test-method status="PASS" signature="createOrderTest()[pri:0, instance:com.demo.sampleordertest.OrderTest@52af6cff]" name="createOrderTest" duration-ms="11" started-at="2018-02-16T23:45:09Z" finished-at="2018-02-16T23:45:09Z">
          <reporter-output>
          </reporter-output>
        </test-method> <!-- createOrderTest -->
      </class> <!-- com.demo.sampleordertest.OrderTest -->
    </test> <!-- Test -->
  </suite> <!-- Suite -->
</testng-results>
